[2024-11-16T22:57:29.320689+00:00] app_logs.INFO: agente1@bng.com - Fez login com sucesso [] []
[2024-11-16T22:57:37.585674+00:00] app_logs.INFO: agente1@bng.com - Fez logout [] []
[2024-11-16T22:57:46.293837+00:00] app_logs.ERROR: agente1@bng.com - Login Inválido [] []
[2024-11-16T22:58:01.177939+00:00] app_logs.ERROR: admin@bng.com - Login Inválido [] []
[2024-11-16T22:58:09.479183+00:00] app_logs.INFO: agente1@bng.com - Fez login com sucesso [] []
[2024-11-16T22:58:27.600415+00:00] app_logs.INFO: agente1@bng.com - Fez logout [] []
[2024-11-16T22:58:33.856698+00:00] app_logs.INFO:  - Fez logout [] []
[2024-11-16T22:58:35.114768+00:00] app_logs.INFO:  - Fez logout [] []
[2024-11-16T22:59:01.126341+00:00] app_logs.INFO: agente1@bng.com - Fez login com sucesso [] []
[2024-11-16T23:01:15.485217+00:00] app_logs.INFO: agente1@bng.com - Fez logout [] []
[2024-11-16T23:01:21.928124+00:00] app_logs.INFO:  - Fez logout [] []
[2024-11-16T23:01:25.645047+00:00] app_logs.INFO:  - Fez logout [] []
[2024-11-16T23:01:26.184957+00:00] app_logs.INFO:  - Fez logout [] []
[2024-11-16T23:01:26.345154+00:00] app_logs.INFO:  - Fez logout [] []
[2024-11-16T23:01:26.502589+00:00] app_logs.INFO:  - Fez logout [] []
[2024-11-16T23:01:33.638407+00:00] app_logs.INFO:  - Fez logout [] []
[2024-11-16T23:01:45.963316+00:00] app_logs.INFO:  - Fez logout [] []
[2024-11-16T23:02:23.929368+00:00] app_logs.INFO: agente1@bng.com - Fez login com sucesso [] []
[2024-11-16T23:02:25.174284+00:00] app_logs.INFO: agente1@bng.com - Fez logout [] []
[2024-11-16T23:04:48.729635+00:00] app_logs.INFO: agente1@bng.com - Fez login com sucesso [] []
[2024-11-16T23:04:53.940956+00:00] app_logs.INFO: agente1@bng.com - Fez logout [] []
[2024-11-16T23:08:55.422804+00:00] app_logs.INFO: agente1@bng.com - Fez login com sucesso [] []
[2024-11-16T23:09:05.082996+00:00] app_logs.INFO: agente1@bng.com - Fez logout [] []
[2024-11-16T23:11:24.781835+00:00] app_logs.INFO: agente1@bng.com - Fez login com sucesso [] []
[2024-11-17T00:17:55.597105+00:00] app_logs.INFO: agente1@bng.com - Fez logout [] []
[2024-11-17T00:18:02.228957+00:00] app_logs.INFO: agente2@bng.com - Fez login com sucesso [] []
[2024-11-17T00:18:06.620241+00:00] app_logs.INFO: agente2@bng.com - Fez logout [] []
[2024-11-17T00:18:15.277214+00:00] app_logs.INFO: agente1@bng.com - Fez login com sucesso [] []
[2024-11-17T01:14:21.218040+00:00] app_logs.INFO: agente1@bng.com - Fez logout [] []
[2024-11-17T01:14:25.695714+00:00] app_logs.INFO: agente1@bng.com - Fez login com sucesso [] []
[2024-11-17T20:52:31.194858+00:00] app_logs.INFO: agente1@bng.com - Fez login com sucesso [] []
[2024-11-18T12:39:18.578330+00:00] app_logs.INFO: agente1@bng.com - Fez login com sucesso [] []
[2024-11-19T01:03:43.604288+00:00] app_logs.INFO: agente1@bng.com - Fez login com sucesso [] []
[2024-11-22T17:41:22.276531+00:00] app_logs.INFO: agente1@bng.com - Fez login com sucesso [] []
[2024-11-22T17:46:02.192416+00:00] app_logs.INFO: agente1@bng.comAdcionou um novo cliente [] []
[2024-11-22T17:46:16.837184+00:00] app_logs.INFO: agente1@bng.comAdcionou um novo cliente [] []
[2024-11-22T17:51:36.545914+00:00] app_logs.INFO: agente1@bng.com Adcionou um novo cliente [] []
[2024-11-22T17:56:33.652751+00:00] app_logs.INFO: agente1@bng.com Adcionou um novo cliente [] []
[2024-11-22T23:08:03.193433+00:00] app_logs.INFO: agente1@bng.com - Fez login com sucesso [] []
[2024-11-22T23:08:25.439669+00:00] app_logs.INFO: agente1@bng.com Adcionou um novo cliente [] []
[2024-11-22T23:10:21.398670+00:00] app_logs.INFO: agente1@bng.com - Fez logout [] []
[2024-11-22T23:10:29.909851+00:00] app_logs.INFO: admin@bng.com - Fez login com sucesso [] []
[2024-11-22T23:10:31.982472+00:00] app_logs.INFO: admin@bng.com - Fez logout [] []
[2024-11-22T23:10:41.639317+00:00] app_logs.INFO: agente1@bng.com - Fez login com sucesso [] []
[2024-11-23T02:38:19.638213+00:00] app_logs.INFO: agente1@bng.com - Fez logout [] []
[2024-11-23T02:38:26.496069+00:00] app_logs.INFO: agente2@bng.com - Fez login com sucesso [] []
[2024-11-23T02:38:29.319632+00:00] app_logs.INFO: agente2@bng.com - Fez logout [] []
[2024-11-23T02:38:33.563733+00:00] app_logs.INFO: agente1@bng.com - Fez login com sucesso [] []
[2024-11-23T02:54:55.336091+00:00] app_logs.INFO: agente1@bng.com Adcionou um novo cliente [] []
[2024-11-23T02:55:01.932698+00:00] app_logs.INFO: agente1@bng.com Adcionou um novo cliente [] []
[2024-11-23T02:56:27.338048+00:00] app_logs.INFO: agente1@bng.com Adcionou um novo cliente [] []
[2024-11-23T02:56:50.065677+00:00] app_logs.INFO: agente1@bng.com Adcionou um novo cliente [] []
[2024-11-23T02:57:06.716025+00:00] app_logs.INFO: agente1@bng.com Adcionou um novo cliente [] []
[2024-11-23T02:57:18.329843+00:00] app_logs.INFO: agente1@bng.com Adcionou um novo cliente [] []
[2024-11-23T02:58:13.119828+00:00] app_logs.INFO: agente1@bng.com Adcionou um novo cliente [] []
[2024-11-23T02:59:02.264109+00:00] app_logs.INFO: agente1@bng.com - Fez logout [] []
[2024-11-23T02:59:07.653087+00:00] app_logs.INFO: agente1@bng.com - Fez login com sucesso [] []
[2024-11-23T02:59:10.417376+00:00] app_logs.INFO: agente1@bng.com Adcionou um novo cliente [] []
[2024-11-23T03:00:27.350138+00:00] app_logs.INFO: agente1@bng.com Adcionou um novo cliente [] []
[2024-11-23T03:07:46.207938+00:00] app_logs.INFO:  - Adcionou um novo cliente  - 111a@a.com [] []
[2024-11-23T03:08:55.096981+00:00] app_logs.INFO: agente1@bng.com - Adcionou um novo cliente  - ma1212aa@a.com [] []
[2024-11-23T03:45:42.986341+00:00] app_logs.INFO: agente1@bng.com - Editou um cliente João Ribeiroa - joaoa.ribeiro@gmail.com [] []
[2024-11-23T03:46:22.338322+00:00] app_logs.INFO: agente1@bng.com - Editou um cliente João Ribeiroa - joaao.ribeiro@gmail.com [] []
[2024-11-23T17:54:43.974154+00:00] app_logs.ERROR: agente1@bng.com - Login Inválido [] []
[2024-11-23T17:54:53.486711+00:00] app_logs.ERROR: agente1@bng.com - Login Inválido [] []
[2024-11-23T17:55:13.128657+00:00] app_logs.INFO: agente1@bng.com - Fez login com sucesso [] []
[2024-11-23T18:07:06.956550+00:00] app_logs.INFO: agente1@bng.com - Editou um cliente Francisco Santos carioca - francisco.santos@hotmail.com [] []
[2024-11-23T18:21:25.263599+00:00] app_logs.INFO: agente1@bng.com - Editou um cliente Matheus Mendes Lop - a@b.com [] []
[2024-11-23T18:21:30.679392+00:00] app_logs.INFO: agente1@bng.com - Editou um cliente Matheus Mendes Lopes - a@b.com [] []
[2024-11-23T18:21:33.752894+00:00] app_logs.INFO: agente1@bng.com - Editou um cliente Matheus Mendes Lopes - a@b.com [] []
[2024-11-23T18:21:45.965713+00:00] app_logs.INFO: agente1@bng.com - Editou um cliente aaa - matheusamendeloapes@gmail.com [] []
[2024-11-23T18:33:25.512727+00:00] app_logs.INFO: agente1@bng.com - Editou um cliente João Ribeiroa - joao.ribeairo@gmail.com [] []
[2024-11-23T18:34:53.171237+00:00] app_logs.INFO: agente1@bng.com - Editou um cliente aaa - matheusamendeloapes@gmail.com [] []
[2024-11-23T18:38:00.044049+00:00] app_logs.INFO: agente1@bng.com - Editou um cliente aaa - matheusamendeloapes@gmail.com [] []
[2024-11-23T18:48:54.119075+00:00] app_logs.INFO: agente1@bng.com - Editou um cliente aaa - matheusamendeloapes@gmail.com [] []
[2024-11-23T19:56:58.631689+00:00] app_logs.INFO: agente1@bng.com - Editou um cliente aaa - matheusamendeloapes@gmail.com [] []
[2024-11-23T19:57:03.330669+00:00] app_logs.INFO: agente1@bng.com - Editou um cliente João Ribeiroa - joao.ribeairo@gmail.com [] []
[2024-11-23T20:13:54.601669+00:00] app_logs.INFO: agente1@bng.com - Editou um cliente João Ribeiroa - joao.ribeairo@gmail.com [] []
[2024-11-23T20:21:33.122475+00:00] app_logs.INFO: agente1@bng.com - Editou um cliente aaa - aaa@aaa.com [] []
[2024-11-23T20:25:06.242493+00:00] app_logs.INFO: agente1@bng.com - Editou um cliente João Ribeiroa - joao.ribeairo@gmail.com [] []
[2024-11-23T20:48:52.669749+00:00] app_logs.INFO: agente1@bng.com - Editou um cliente aaa - matheusamendeloapes@gmail.com [] []
[2024-11-23T20:49:07.037085+00:00] app_logs.INFO: agente1@bng.com - Editou um cliente aaa - matheusamendeloapes@gmail.com [] []
[2024-11-23T20:50:20.016546+00:00] app_logs.INFO: agente1@bng.com - Editou um cliente aaa - matheusamendeloapes@gmail.com [] []
[2024-11-23T21:20:13.896347+00:00] app_logs.INFO: agente1@bng.com - Editou um cliente aaa - aaa@aaa.com [] []
[2024-11-23T23:41:18.865355+00:00] app_logs.INFO: agente1@bng.com - Editou um cliente aaa - matheusamendeloapes@gmail.com [] []
[2024-11-23T23:41:34.469545+00:00] app_logs.INFO: agente1@bng.com - Editou um cliente aaa - matheusamendeloapes@gmail.com [] []
[2024-11-23T23:43:03.911233+00:00] app_logs.INFO: agente1@bng.com - Editou um cliente Matheus Mendes - a@b.com [] []
[2024-11-23T23:44:06.411290+00:00] app_logs.INFO: agente1@bng.com - Editou um cliente aaa - aaa@aaa.com [] []
[2024-11-23T23:46:28.469678+00:00] app_logs.INFO: agente1@bng.com - Editou um cliente aaa - matheusamendeloapes@gmail.com [] []
[2024-11-23T23:46:37.510368+00:00] app_logs.INFO: agente1@bng.com - Editou um cliente aaa - matheusamendeloapes@gmail.com [] []
[2024-11-23T23:47:58.902322+00:00] app_logs.INFO: agente1@bng.com - Editou um cliente aaa - aaa@aaa.com [] []
[2024-11-23T23:56:04.422109+00:00] app_logs.INFO: agente1@bng.com - Editou um cliente aaa - aaa@aaa.com [] []
[2024-11-24T00:36:56.688887+00:00] app_logs.INFO: agente1@bng.com - Editou um cliente João Ribeiro - joao.ribeairo@gmail.com [] []
[2024-11-24T00:37:55.263270+00:00] app_logs.INFO: agente1@bng.com - Editou um cliente Carlos Santos almeida - arlos.santos@gmail.com [] []
[2024-11-24T00:42:45.047357+00:00] app_logs.INFO: agente1@bng.com - Editou um cliente aaa - matheusamendeloapes@gmail.com [] []
[2024-11-24T00:43:22.941913+00:00] app_logs.INFO: agente1@bng.com - Editou um cliente aaab - aaa@aaa.com [] []
[2024-11-24T00:43:30.279191+00:00] app_logs.INFO: agente1@bng.com - Editou um cliente João Ribeiro - joao.ribeairo@gmail.com [] []
[2024-11-24T00:43:51.063166+00:00] app_logs.INFO: agente1@bng.com - Editou um cliente aaab - aaa@aaa.com [] []
[2024-11-24T00:45:56.926037+00:00] app_logs.INFO: agente1@bng.com - Editou um cliente aaa - matheusamendeloapes@gmail.com [] []
[2024-11-24T00:46:38.878569+00:00] app_logs.INFO: agente1@bng.com - Editou um cliente aaa - matheusamendeloapes@gmail.com [] []
[2024-11-24T00:47:09.636427+00:00] app_logs.INFO: agente1@bng.com - Editou um cliente aaa - matheusamendeloapes@gmail.com [] []
[2024-11-24T00:49:40.522803+00:00] app_logs.INFO: agente1@bng.com - Editou um cliente aaa - matheusamendeloapes@gmail.com [] []
[2024-11-24T00:50:54.422866+00:00] app_logs.INFO: agente1@bng.com - Editou um cliente aaa - matheusamendeloapes@gmail.com [] []
[2024-11-24T00:51:23.767063+00:00] app_logs.INFO: agente1@bng.com - Editou um cliente aaav - matheusamendeloapes@gmail.com [] []
[2024-11-24T00:52:02.024214+00:00] app_logs.INFO: agente1@bng.com - Editou um cliente aaava - matheusamendeloapes@gmail.com [] []
[2024-11-24T00:56:17.977084+00:00] app_logs.INFO: agente1@bng.com - Editou um cliente Matheus Mendes Lop - matheusmendelopes@gmail.com [] []
[2024-11-24T00:56:22.812940+00:00] app_logs.INFO: agente1@bng.com - Editou um cliente Matheus Mendes Lopes - matheusmendelopes@gmail.com [] []
[2024-11-24T00:56:44.268075+00:00] app_logs.INFO: agente1@bng.com - Editou um cliente João Ribeiroa - joao.ribeairo@gmail.com [] []
[2024-11-24T00:57:51.997288+00:00] app_logs.INFO: agente1@bng.com - Editou um cliente João Ribeiro - joao.ribeairo@gmail.com [] []
[2024-11-24T00:58:13.343338+00:00] app_logs.INFO: agente1@bng.com - Editou um cliente João Ribeiro - joao.ribeiro@gmail.com [] []
[2024-11-24T01:07:35.453916+00:00] app_logs.INFO: agente1@bng.com - Editou um cliente Carlos Santos almeida - carlos.santos@gmail.com [] []
[2024-11-24T01:08:29.118748+00:00] app_logs.INFO: agente1@bng.com - Excluiu um cliente  -  [] []
[2024-11-24T01:09:02.237034+00:00] app_logs.INFO: agente1@bng.com - Excluiu um cliente Carlos Santos almeida - carlos.santos@gmail.com [] []
[2024-11-24T01:10:27.177499+00:00] app_logs.INFO: agente1@bng.com - Excluiu um cliente fsc svdsa - ma1212aa@a.com [] []
[2024-11-24T01:10:31.196356+00:00] app_logs.INFO: agente1@bng.com - Excluiu um cliente 12343 - 111a@a.com [] []
[2024-11-24T01:10:33.573335+00:00] app_logs.INFO: agente1@bng.com - Excluiu um cliente Matheus Mendes - a@b.com [] []
[2024-11-24T01:10:35.117382+00:00] app_logs.INFO: agente1@bng.com - Excluiu um cliente aaa - aaa@aaa.com [] []
[2024-11-24T01:10:36.697178+00:00] app_logs.INFO: agente1@bng.com - Excluiu um cliente aaava - matheusamendeloapes@gmail.com [] []
[2024-11-24T01:10:38.391230+00:00] app_logs.INFO: agente1@bng.com - Excluiu um cliente fsc svds - maaa@a.com [] []
[2024-11-24T01:10:39.766549+00:00] app_logs.INFO: agente1@bng.com - Excluiu um cliente Matheus Mendes Lopes - matheusmendelopes@gmail.com [] []
[2024-11-24T02:28:19.257999+00:00] app_logs.INFO: agente1@bng.com - Editou um cliente João Ribeiro existe - joao.ribeiro@gmail.com [] []
[2024-11-24T02:28:24.200911+00:00] app_logs.INFO: agente1@bng.com - Editou um cliente João Ribeiro - joao.ribeiro@gmail.com [] []
[2024-11-24T02:31:43.914965+00:00] app_logs.INFO: agente1@bng.com - Editou um cliente João Ribeiro - joao.ribeiro@gmail.com [] []
[2024-11-24T02:31:50.061185+00:00] app_logs.INFO: agente1@bng.com - Editou um cliente João Ribeiro - joao.ribeiro@gmail.com [] []
